<?xml version="1.0" encoding="UTF-8"?>
<testng-results skipped="0" failed="0" ignored="0" total="1" passed="1">
  <reporter-output>
  </reporter-output>
  <suite name="Default suite" duration-ms="6153" started-at="2021-12-26T12:05:24 CST" finished-at="2021-12-26T12:05:31 CST">
    <groups>
    </groups>
    <test name="Default test" duration-ms="6153" started-at="2021-12-26T12:05:24 CST" finished-at="2021-12-26T12:05:31 CST">
      <class name="test.AddContactTest">
        <test-method status="PASS" signature="validUserShouldBeAbleToAddCustomer()[pri:0, instance:test.AddContactTest@2d8f65a4]" name="validUserShouldBeAbleToAddCustomer" duration-ms="6126" started-at="2021-12-26T12:05:24 CST" finished-at="2021-12-26T12:05:31 CST">
          <reporter-output>
          </reporter-output>
        </test-method> <!-- validUserShouldBeAbleToAddCustomer -->
      </class> <!-- test.AddContactTest -->
    </test> <!-- Default test -->
  </suite> <!-- Default suite -->
</testng-results>
